<?xml version="1.0" encoding="UTF-8"?>
<!-- Generated by org.testng.reporters.JUnitReportReporter -->
<testsuite hostname="DESKTOP-II6BSLU" failures="0" tests="1" name="vaibhav.practise.FirstSelenium" time="5.178" errors="0" timestamp="2023-07-05T08:05:21 IST" skipped="0">
  <testcase classname="vaibhav.practise.FirstSelenium" name="launchURL" time="5.178"/>
</testsuite> <!-- vaibhav.practise.FirstSelenium -->
